[    0.000000] Linux version 4.15.0-36-generic (buildd@lgw01-amd64-031) (gcc version 7.3.0 (Ubuntu 7.3.0-16ubuntu3)) #39-Ubuntu SMP Mon Sep  16:19:09 UTC 2018 (Ubuntu 4.15.0-36.39-generic 4.15.18)
[    0.000000] Command line: BOOT_IMAGE=/boot/vmlinuz-4.15.0-36-generic root=LABEL=cloudimg-rootfs ro console=tty1 console=ttyS0
[    0.000000] KERNEL supported cpus:
[    0.000000]   Intel GenuineIntel
[    0.000000]   AMD AuthenticAMD
[    0.000000]   Centaur CentaurHauls
[    0.000000] x86/fpu: Supporting XSAVE feature 0x001: 'x87 floating point registers'
[    0.000000] x86/fpu: Supporting XSAVE feature 0x002: 'SSE registers'
[    0.000000] x86/fpu: Supporting XSAVE feature 0x004: 'AVX registers'
[    0.000000] x86/fpu: xstate_offset[2]:  576, xstate_sizes[2]:  256
[    0.000000] x86/fpu: Enabled xstate features 0x7, context size is 832 bytes, using 'standard' format.
[    0.000000] e820: BIOS-provided physical RAM map:
[    0.000000] BIOS-e820: [mem 0x0000000000000000-0x000000000009fbff] usable
[    0.000000] BIOS-e820: [mem 0x000000000009fc00-0x000000000009ffff] reserved
[    0.000000] BIOS-e820: [mem 0x00000000000f0000-0x00000000000fffff] reserved
[    0.000000] BIOS-e820: [mem 0x0000000000100000-0x000000001ffeffff] usable
[    0.000000] BIOS-e820: [mem 0x000000001fff0000-0x000000001fffffff] ACPI data
[    0.000000] BIOS-e820: [mem 0x00000000fec00000-0x00000000fec00fff] reserved
[    0.000000] BIOS-e820: [mem 0x00000000fee00000-0x00000000fee00fff] reserved
[    0.000000] BIOS-e820: [mem 0x00000000fffc0000-0x00000000ffffffff] reserved
[    0.00000] NX (Execute Disable) protection: active
[    0.000000] SMBIOS 2.5 present.
[    0.000000] DMI: innotek GmbH VirtualBox/VirtualBox, BIOS VirtualBox 12/01/2006
[    0.000000] Hypervisor detected: KVM
[    0.000000] e820: last_pfn = 0x1fff0 max_arch_pfn = 0x400000000
[    0.000000] MTRR: Disabled
[    0.000000] x86/PAT: MTRRs disabled, skipping PAT initialization too.
[    0.000000] CPU MTRRs all blank - virtualized system.
[    0.000000] x86/PAT: Configuration [0-7]: WB  WT  UC- UC  WB  WT  UC- UC  
[    0.000000] found SMP MP-table at [mem 0x0009fff0-0x0009ffff] mapped at [        (ptrval)]
[    0.000000] Scanning 1 areas for low memory corruption
[    0.000000] RAMDISK: [mem 0x1dbec000-0x1ee73fff]
[    0.000000] ACPI: Early table checksum verification disabled
[    0.000000] ACPI: RSDP 0x00000000000E0000 000024 (v02 VBOX  )
[    0.000000] ACPI: XSDT 0x000000001FFF0030 00003C (v01 VBOX   VBOXXSDT 00000001 ASL  00000061)
[    0.000000] ACPI: FACP 0x000000001FFF00F0 0000F4 (v04 VBOX   VBOXFACP 00000001 ASL  00000061)
[    0.000000] ACPI: DSDT 0x000000001FFF0470 021FF (v02 VBOX   VBOXBIOS 00000002 INTL 20180105)
[    0.000000] ACPI: FACS 0x000000001FFF0200 000040
[    0.000000] ACPI: FACS 0x000000001FFF0200 000040
[    0.000000] ACPI: APIC 0x000000001FFF0240 00005C (v02 VBOX   VBOXAPIC 00000001 ASL  00000061)
[    0.000000] ACPI: SSDT 0x000000001FFF02A0 0001CC v01 VBOX   VBOXCPUT 00000002 INTL 20180105)
[    0.000000] No NUMA configuration found
[    0.000000] Faking a node at [mem 0x0000000000000000-0x000000001ffeffff]
[    0.000000] NODE_DATA(0) allocated [mem 0x1ffc5000-0x1ffeffff]
[    0.000000] kvm-clock: cpu 0, msr 0:1ff44001, primary cpu clock
[    0.00000] kvm-clock: Using msrs 4b564d01 and 4b564d00
[    0.000000] kvm-clock: using sched offset of 3249054555 cycles
[    0.000000] clocksource: kvm-clock: mask: 0xffffffffffffffff max_cycles: 0x1cd42e4dffb, max_idle_ns: 881590591483 ns
[    0.000000] Zone ranges:
[    0.000000]   DMA      [mem 0x0000000000001000-0x0000000000ffffff]
[    0.000000]   DMA32    [mem 0x0000000001000000-0x000000001ffeffff]
[    0.000000]   Normal   empty
[    0.000000]   Device   empty
[    0.000000] Movable zone start for each node
[    0.00000] Early memory node ranges
[    0.000000]   node   0: [mem 0x0000000000001000-0x000000000009efff]
[    0.000000]   node   0: [mem 0x0000000000100000-0x000000001ffeffff]
[    0.00000] Initmem setup node 0 [mem 0x0000000000001000-0x000000001ffeffff]
[    0.000000] Reserved but unavailable: 98 pages
[    0.000000] ACPI: PM-Timer IO Port: 0x4408
[    0.000000] IOAPIC[0]: apic_id 2, version 32, address 0xfec00000, GSI 0-23
[    0.000000] ACPI: INT_SRC_OVR (bus 0 bus_irq 0 gloalrq 2fl dfl)
[   00000] CPI:INT_SRC_OVR(bus busir 9 gbal_irq 9 low level)
[    0.000000] Using ACPI (MADT) for SMP configuration information
[    0.000000] smpboot:AAllowing 2 CPUs, 0 hotplug CPUs
[    0.000000] PM: Registered nosave memory: [mem 0x00000000-0x00000fff]
[    0.000000] PM: Registered nosave memory: [mem 0x0009f00-0x0009ffff]
[    0.000000] PM: egistered nosave memory: [mem 0x000a0000-0x000effff]
[    0.000000] PM: Registered nosave memory: [mem 0x000f0000-0x000fffff]
[    0.000000] e820: [mem 0x20000000-0xfebfffff] available for PCI devices
[    0.000000] Booting paravirtualized kernel on KVM
[    0.000000] clocksource: refined-jiffies: mask: 0xffffffff max_cycles: 0xffffffff, max_idle_ns: 7645519600211568 ns
[    0.000000] random: ge_random_bytes called from start_kernel+0x99/0x4fd with crng_init=0
[    0.000000] setup_percpu: NR_CPUS:8192 nr_cpumask_bits:2 nr_cpu_ids:2 nr_node_ids:1
[    0.000000] percpu: Embedded 46 pages/cpu @        (ptrval) s151552 r8192 d28672 u1048576
[    0.000000] PV qspinlock hash table entries: 256 (order: 0, 4096 bytes)
[    0.000000] Built 1 zonelists, mobility grouping on.  Total pages: 128889
[    0.000000] Policy zone: DMA32
[    0.000000] Kernel command line: BOOT_IMAGE=/boot/vmlinuz-4.15.0-36-generic root=LABEL=cloudimg-rootfs ro console=tty1 console=ttyS0
[    0.000000] Memory: 467512K/523832K available (12300K kernel code, 2472K rwdata, 4248K rodata, 2408K init, 2416K bss, 56320K reserved, 0K cma-reserved)
[    0.000000] SLUB: HWalign=64, Order=0-3, MinObjects=0, CPUs=2, Nodes=1
[    0.000000] Kernel/User page tables isolation: enabled
[    0.000000] ftrace: allocating 39168 entries in 154 pages
[    0.004000] Hierarchical RCU implementation.
[    0.004000] 	RCU restricting CPUs from NR_CPUS=8192 to nr_cpu_ids=2.
[    0.004000] 	Tasks RCU enabled.
[    0.004000] RCU: Adjusting geometry for rcu_fanout_leaf=16, nr_cpu_ids=2
[    0.004000] NR_IRQS: 524544, nr_irqs: 440, preallocated irqs: 16
[    0.004000] Console: colour VGA+ 80x25
[    0.004000] console [tty1] enabled
[    0.004000] console [ttyS0] enabled
[    0.004000] ACPI: Core revision 20170831
[    0.004000] ACPI: 2 ACPI AML tables successfully acquired and loaded
[    0.004000] APIC: Switch to symmetric I/O mode setup
[    0.004328] x2apic enabled
[    0.008011] Switched APIC routing to physical x2apic.
[    0.013204] ..TIMER: vector=0x30 apic1=0 pin1=2 apic2=-1 pin2=-1
[    0.016008] tsc: Detected 2294.708 MHz processor
[    0.020019] Calibrating delay loop (skipped) preset value.. 4589.41 BogoMIPS (lpj=9178832)
[    0.024011] pid_max: default: 32768 minimum: 301
[    0.028070] Security Framework initialized
[    0.032004] Yama: becoming mindful.
[    0.036042] AppArmor: AppArmor initialized
[    0.040095] Dentry cache hash table entries: 65536 (order: 7, 524288 bytes)
[    0.044059] Inode-cache hash table entries: 32768 (order: 6, 262144 bytes)
[    0.048028] Mount-cache hash table entries: 1024 (order: 1, 8192 bytes)
[    0.052013] Mountpoint-cache hash table entries: 1024 (order: 1, 8192 bytes)
[    0.056336] mce: CPU supports 0 MCE banks
[    0.060025] Last level iTLB entries: 4KB 1024, 2MB 1024, 4MB 1024
[    0.064005] Last level dTLB entries: 4KB 1024, 2MB 1024, 4MB 1024, 1GB 4
[    0.068006] Spectre V2 : Mitigation: Full generic retpoline
[    0.072006] Spectre V2 : Spectre v2 / SpectreRSB mitigation: Filling RSB on context switch
[    0.076007] Speculative Store Bypass: Vulnerable
[    0.080120] Freeing SMP alternatives memory: 36K
[    0.088000] smpboot: CPU0: Intel(R) Core(TM) i5-4200U CPU @ 1.60GHz (family: 0x6, model: 0x45, stepping: 0x1)
[    0.088098] Performance Events: unsupported p6 CPU model 69 no PMU driver, software events only.
[    0.092076] Hierarchical SRCU implementation.
[    0.096685] NMI watchdog: Perf event create on CPU 0 failed with -2
[    0.100007] NMI watchdog: Perf NMI watchdog permanently disabled
[    0.104098] smp: Bringing up secondary CPUs ...
[    0.108102] x86: Booting SMP configuration:
[    0.112005] .... node  #0, CPUs:      #1
[    0.004000] kvm-clock: cpu 1, msr 0:1ff44041, secondary cpu clock
[    0.004000] mce: CPU supports 0 MCE banks
[    0.418082] smp: Brought up 1 node, 2 CPUs
[    0.420015] smpboot: Max logical packages: 1
[    0.424011] smpboot: Total of 2 processors activated (9178.83 BogoMIPS)
[    0.428178] devtmpfs: initialized
[    0.432066] x86/mm: Memory block size: 128MB
[    0.436157] evm: security.selinux
[    0.440012] evm: security.SMACK64
[    0.444005] evm: security.SMACK64EXEC
[    0.448004] evm: security.SMACK64TRANSMUTE
[    0.452005] evm: security.SMACK64MMAP
[    0.456003] evm: security.apparmor
[    0.460003] evm: security.ima
[    0.464005] evm: security.capability
[    0.468136] clocksource: jiffies: mask: 0xffffffff max_cycles: 0xffffffff, max_idle_ns: 7645041785100000 ns
[    0.472025] futex hash table entries: 512 (order: 3, 32768 bytes)
[    0.476100] pinctrl core: initialized pinctrl subsystem
[    0.480144] RTC time: 20:22:52, date: 10/18/18
[    0.484185] NET: Registered protocol family 16
[    0.488123] audit: initializing netlink subsys (disabled)
[    0.492048] audit: type=2000 audit(1539894145.224:1): state=initialized audit_enabled=0 res=1
[    0.888015] cpuidle: using governor ladder
[    0.892026] cpuidle: using governor menu
[    0.896064] ACPI: bus type PCI registered
[    0.900007] acpiphp: ACPI Hot Plug PCI Controller Driver version: 0.5
[    0.904135] PCI: Using configuration type 1 for base access
[    0.909221] HugeTLB registered 2.00 MiB page size, pre-allocated 0 pages
[    0.912122] ACPI: Added _OSI(Module Device)
[    0.916009] ACPI: Added _OSI(Processor Device)
[    0.920005] ACPI: Added _OSI(3.0 _SCP Extensions)
[    0.924005] ACPI: Added _OSI(Processor Aggregator Device)
[    0.928009] ACPI: Added _OSI(Linux-Dell-Video)
[    0.932007] ACPI: Added _OSI(Linux-Lenovo-NV-HDMI-Audio)
[    0.936394] ACPI: Executed 1 blocks of module-level executable AML code
[    0.947339] ACPI: Interpreter enabled
[    0.948018] ACPI: (supports S0 S5)
[    0.952007] ACPI: Using IOAPIC for interrupt routing
[    0.956311] PCI: Using host bridge windows from ACPI; if necessary, use "pci=nocrs" and report a bug
[    0.960211] ACPI: Enabled 2 GPEs in block 00 to 07
[    0.975016] ACPI: PCI Root Bridge [PCI0] (domain 0000 [bus 00-ff])
[    0.976014] acpi PNP0A03:00: _OSC: OS supports [ASPM ClockPM Segments MSI]
[    0.980084] acpi PNP0A03:00: _OSC: not requesting OS control; OS requires [ExtendedConfig ASPM ClockPM MSI]
[    0.984029] acpi PNP0A03:00: fail to add MMCONFIG information, can't access extended PCI configuration space under this bridge.
[    0.988438] PCI host bridge to bus 0000:00
[    0.992011] pci_bus 0000:00: root bus resource [io  0x0000-0x0cf7 window]
[    0.996011] pci_bus 0000:00: root bus resource [io  0x0d00-0xffff window]
[    1.000016] pci_bus 0000:00: root bus resource [mem 0x000a0000-0x000bffff window]
[    1.004013] pci_bus 0000:00: root bus resource [mem 0x20000000-0xfdffffff window]
[    1.008009] pci_bus 0000:00: root bus resource [bus 00-ff]
[    1.017205] pci 0000:00:01.1: legacy IDE quirk: reg 0x10: [io  0x01f0-0x01f7]
[    1.020008] pci 0000:00:01.1: legacy IDE quirk: reg 0x14: [io  0x03f6]
[    1.024009] pci 0000:00:01.1: legacy IDE quirk: reg 0x18: [io  0x0170-0x0177]
[    1.028008] pci 0000:00:01.1: legacy IDE quirk: reg 0x1c: [io  0x0376]
[    1.047073] pci 0000:00:07.0: quirk: [io  0x4000-0x403f] claimed by PIIX4 ACPI
[    1.048026] pci 0000:00:07.0: quirk: [io  0x4100-0x410f] claimed by PIIX4 SMB
[    1.060072] ACPI: PCI Interrupt Link [LNKA] (IRQs 5 9 10 *11)
[    1.064373] ACPI: PCI Interrupt Link [LNKB] (IRQs 5 9 *10 11)
[    1.068185] ACPI: PCI Interrupt Link [LNKC] (IRQs 5 *9 10 11)
[    1.072154] ACPI: PCI Interrupt Link [LNKD] (IRQs 5 9 10 *11)
[    1.076461] SCSI subsystem initialized
[    1.080080] pci 0000:00:02.0: vgaarb: setting as boot VGA device
[    1.084000] pci 0000:00:02.0: vgaarb: VGA device added: decodes=io+mem,owns=io+mem,locks=none
[    1.084012] pci 0000:00:02.0: vgaarb: bridge control possible
[    1.088009] vgaarb: loaded
[    1.092054] ACPI: bus type USB registered
[    1.096051] usbcore: registered new interface driver usbfs
[    1.100034] usbcore: registered new interface driver hub
[    1.104060] usbcore: registered new device driver usb
[    1.108108] EDAC MC: Ver: 3.0.0
[    1.112226] PCI: Using ACPI for IRQ routing
[    1.120122] NetLabel: Initializing
[    1.124007] NetLabel:  domain hash size = 128
[    1.128006] NetLabel:  protocols = UNLABELED CIPSOv4 CALIPSO
[    1.132030] NetLabel:  unlabeled traffic allowed by default
[    1.140112] clocksource: Switched to clocksource kvm-clock
[    1.280515] VFS: Disk quotas dquot_6.6.0
  1.54] S:qu-cheastae tres: 512 (order 0, 4096 bytes)
[    2.155760] AppArmr:pprm Feste Eabed
[  25797 pp:Pn APIin
  2.473] pnp: PP PIfod dece

[  3803]clksrc ai_: sk0xff mx_cycles: 0xffffff, max_idle_ns:08014 
   4.349355] NET: Registered protocol family 2
[    4.575796] TCP established hash table entries: 4096 (order: 3, 32768 bytes)
  4.935542] TCP bind hash table entrie: 96orr:, 53bys)[  5519]CPHa tbles configured (eabsh 46 nd09
  6.64] DPastae trs:56order: 1, 812 te
  7.59] P-teastae trs:56orr:, 92ytes)
[  8358]NE Risreprotol mi 1[  8351]ci00000.0: Lmingirt I/I anfers
[  9368]ci00001. AivinISA DMA hang workarounds
[   10.125524] pci 0000:00:02.0: Video device with shadowed ROM at [mem 0x000c0000-0x000dffff]
[   10.496811] Unpacking initramfs...
[   10.997237] Freeing initrd memory: 18976K
[   11.120999] platform rtc_cmos: registered platform RTC device (no PNP device found)
[   11.385912] Scanning for low memory corruption every 60 seconds
[   11.976142] Initialise system trusted keyrings
[   12.215607] tsc: Refined TSC clocksource calibration: 2294.722 MHz
[   12.216911] Key type blacklist registered
[   12.575582] workingset: timestamp_bits=36 max_order=17 bucket_order=0
[   12.576798] zbud: loaded
[   12.577330] squashfs: version 4.0 (2009/01/31) Phillip Lougher
[   12.577479] fuse init (API version 7.26)
[   12.578997] Key type asymmetric registered
[   12.578998] Asymmetric key parser 'x509' registered
[   12.579033] Block layer SCSI generic (bsg) driver version 0.4 loaded (major 246)
[   12.579066] io scheduler noop registered
[   12.579067] io scheduler deadline registered
[   12.579110] io scheduler cfq registered (default)
[   16.455568] clocksource: tsc: mask: 0xffffffffffffffff max_cycles: 0x2113bb4169a, max_idle_ns: 440795213111 ns
[ 16.628391]AC:  Apt [] on-line)
[   17.056578] input: Power Button as /devices/LNXSYSTM:00/LNXPWRBN:00/input/input0
[   17.251084] ACPI: Power Button [PWRF]
[   17.345783] input: Sleep Button as /devices/LNXSYSTM:00/LNXSLPBN:00/input/input1
[   17.526897] ACPI: Sleep Button [SLPF]
[   17.601875] Serial: 8250/16550 driver, 32 ports, IRQ sharing enabled
[   17.602869] ACPI: Battery Slot [BAT0] (battery present)
[   17.841932] 00:02: ttyS0 at I/O 0x3f8 (irq = 4, base_baud = 115200) is a 16550A
[   17.979202] Linux agpgart interface v0.103
[   18.062280] loop: module loaded
[   18.143333] scsi host0: ata_piix
[   18.236120] scsi host1: ata_piix
[   18.316049] ata1: PATA max UDMA/33 cmd 0x1f0 ctl 0x3f6 bmdma 0xd000 irq 14
[   18.503574] ata2: PATA max UDMA/33 cmd 0x170 ctl 0x376 bmdma 0xd008 irq 15
[   18.746874] libphy: Fixed MDIO Bus: probed
[   18.844398] tun: Univrs TN/TAP device driver, 1.6
[   19.099635] PPP generic driver version 2.4.2
[   19.299608] ehci_hcd: USB 2.0 'Enhanced' Host Controller (EHCI) Driver
[   19.435566] ehci-pci: EHCI PCI platform driver
[   19.530651] ehci-platform: EHCI generic platform driver
[   196651oh_h: B 1 Open' Host Conolr HC Dve

[   20.351912] ohci-pci: OHCI PCI platform driver
  20.575703] ohci-platform: OHCI generic platform driver
[ 20453]uhci_hcd: USB Universal Host ContrleInrfe iv
[   21.453620] i8042: PNP: PS/2 Controllr NP03S2PNf0PS] t 0x60,0x64 irq 1,12
[ 22161]er: 04KBpo a0x60,0x4 q 

[   22.756764] serio: i8042 AUX port at 0x60,0x64 irq 12
[   22.985456] mousedev: PS/2 mouse device common for all mice
[   23.246191] input: AT Translated Set 2 keyboard as /devices/platform/i8042/serio0/input/input2
[   23.252115] rtc_cmos rtc_cmos: rtc core: registered rtc_cmos as rtc0
[   23.252212] rtc_cmos rtc_cmos: alarms up to one day, 114 bytes nvram
[   23.252227] i2c /dev entries driver
[   23.252236] pcie_mp2_amd: AMD(R) PCI-E MP2 Communication Driver Version: 1.0
[   23.252349] device-mapper: uevent: version 1.0.3
[   23.516117] device-mapper: ioctl: 4.37.0-ioctl (2017-09-20) initialised: dm-devel@redhat.com
[   24.253845] ledtrig-cpu: registered to indicate activity on CPUs
[   24.503499] NET: Registered protocol family 10
[   24.749572] Segment Routing with IPv6
[   24.955337] NET: Registered protocol family 17
[   25.365519] Key type dns_resolver registered
[   25.613162] RAS: Correctable Errors collector initialized.
[   25.925331] sched_clock: Marking stable (25925247406, 0)->(64634758016, -38709510610)
[   26.345817] registered taskstats version 1
[   26.529796] Loading compiled-in X.509 certificates
[   26.878361] Loaded X.509 cert 'Build time autogenerated kernel key: fcd93cd0852f7ae1da10896371e06e3c19479c00'
[   27.516588] zswap: loaded using pool lzo/zbud
[   27.784718] Key type big_key registered
[   27.996908] Key type trusted registered
[   28.197407] Key type encrypted registered
[   28.336294] AppArmor: AppArmor sha1 policy hashing enabled
[   28.692965] ima: No TPM chip found, activating TPM-bypass! (rc=-19)
[   29.085343] ima: Allocated hash algorithm: sha1
[   29.355269] evm: HMAC attrs: 0x1
[   29.525377]   Magic number: 6:323:397
[   29.755213] mem random: hash matches
[   29.989381] rtc_cmos rtc_cmos: setting system clock to 2018-10-18 20:23:28 UTC (1539894208)
[   30.396710] BIOS EDD facility v0.16 2004-Jun-25, 0 devices found
[   30.765459] EDD information not available.
[   30.979423] Freeing unused kernel memory: 2408K
[   31.120103] Write protecting the kernel read-only data: 20480k
[   31.180353] Freeing unused kernel memory: 2008K
[   31.499496] Freeing unused kernel memory: 1896K
[   31.970803] x86/mm: Checked W+X mappings: passed, no W+X pages found.
[   32.527211] x86/mm: Checking user space page tables
[   32.851456] x86/mm: Checked W+X mappings: passed, no W+X pages found.
Loading, please wait...
starting version 237
[   33.413543] e1000: Intel(R) PRO/1000 Network Driver - version 7.3.21-k8-NAPI
[   33.935269] e1000: Copyright (c) 1999-2006 Intel Corporation.
[   34.323863] AVX2 version of gcm_enc/dec engaged.
[   34.327610] Fusion MPT base driver 3.04.20
[   34.327611] Copyright (c) 1999-2008 LSI Corporation
[   34.598836] AES CTR mode by8 optimization enabled
[   34.753861] input: ImExPS/2 Generic Explorer Mouse as /devices/platform/i8042/serio1/input/input4
[   34.930924] Fusion MPT SPI Host driver 3.04.20
[   35.323335] e1000 0000:00:03.0 eth0: (PCI:33MHz:32-bit) 02:36:81:42:18:69
[   35.845900] e1000 0000:00:03.0 eth0: Intel(R) PRO/1000 Network Connection
[   36.102371] e1000 0000:00:03.0 enp0s3: renamed from eth0
[   36.104093] mptbase: ioc0: Initiating bringup
[   36.420729] ioc0: LSI53C1030 A0: Capabilities={Initiator}
[   36.974282] scsi host2: ioc0: LSI53C1030 A0, FwRev=00000000h, Ports=1, MaxQ=256, IRQ=20
[   37.681177] scsi 2:0:0:0: Direct-Access     VBOX     HARDDISK         1.0  PQ: 0 ANSI: 5
[   38.340107] scsi target2:0:0: Beginning Domain Validation
[   38.847732] scsi target2:0:0: Domain Validation skipping write tests
[   39.305169] scsi target2:0:0: Ending Domain Validation
[   39.585266] scsi target2:0:0: asynchronous
[   39.695870] scsi 2:0:1:0: Direct-Access     VBOX     HARDDISK         1.0  PQ: 0 ANSI: 5
[   40.416094] scsi target2:0:1: Beginning Domain Validation
[   40.745418] random: fast init done
[   41.134545] scsi target2:0:1: Domain Validation skipping write tests
[   41.755146] scsi target2:0:1: Ending Domain Validation
[   42.042990] scsi target2:0:1: asynchronous
[   42.322723] random: systemd-udevd: uninitialized urandom read (16 bytes read)
[   42.322826] sd 2:0:0:0: Attached scsi generic sg0 type 0
[   42.323010] sd 2:0:1:0: Attached scsi generic sg1 type 0
[   42.716703] random: systemd-udevd: uninitialized urandom read (16 bytes read)
[   42.716970] sd 2:0:0:0: [sda] 20971520 512-byte logical blocks: (10.7 GB/10.0 GiB)
[   42.717017] sd 2:0:1:0: [sdb] 20480 512-byte logical blocks: (10.5 MB/10.0 MiB)
[   42.717022] sd 2:0:0:0: [sda] Write Protect is off
[   42.717106] sd 2:0:1:0: [sdb] Write Protect is off
[   42.717137] sd 2:0:0:0: [sda] Incomplete mode parameter data
[   42.717139] sd 2:0:0:0: [sda] Assuming drive cache: write through
[   42.717475] sd 2:0:1:0: [sdb] Incomplete mode parameter data
[   42.717477] sd 2:0:1:0: [sdb] Assuming drive cache: write through
[   42.718064]  sda: sda1
[   42.718691] sd 2:0:0:0: [sda] Attached SCSI disk
[   42.720397] sd 2:0:1:0: [sdb] Attached SCSI disk
[   46.225280] random: systemd-udevd: uninitialized urandom read (16 bytes read)
[   47.351856] random: systemd-udevd: uninitialized urandom read (16 bytes read)
[   47.373514] random: systemd-udevd: uninitialized urandom read (16 bytes read)
[   47.373536] random: systemd-udevd: uninitialized urandom read (16 bytes read)
Begin: Loading essential drivers[   49.780096] raid6: sse2x1   gen()  7979 MB/s
 ... [   50.032277] raid6: sse2x1   xor()  1949 MB/s
[   50.272165] raid6: sse2x2   gen()  8808 MB/s
[   50.694749] raid6: sse2x2   xor()  5821 MB/s
[   50.994727] raid6: sse2x4   gen()  7111 MB/s
[   51.294085] raid6: sse2x4   xor()  3219 MB/s
[   51.594722] raid6: avx2x1   gen()  9889 MB/s
[   51.889003] raid6: avx2x1   xor()  5456 MB/s
[   52.192202] raid6: avx2x2   gen() 11844 MB/s
[   52.428258] raid6: avx2x2   xor()  3983 MB/s
[   52.660028] raid6: avx2x4   gen() 17108 MB/s
[   52.912315] raid6: avx2x4   xor()  8365 MB/s
[   53.204974] raid6: using algorithm avx2x4 gen() 17108 MB/s
[   53.604979] raid6: .... xor() 8365 MB/s, rmw enabled
[   53.845505] raid6: using avx2x2 recovery algorithm
[   54.270895] xor: automatically using best checksumming function   avx       
[   54.406172] async_tx: api initialized (async)
done.
Begin: Running /scripts/init-pre[   54.578458] Btrfs loaded, crc32c=crc32c-intel
mount ... done.
Begin: Mounting root file syste[   54.706327] EXT4-fs (sda1): mounted filesystem with ordered data mode. Opts: (null)
m ... Begin: Running /scripts/local-top ... done.
Begin: Running /scripts/local-premount ... Scanning for Btrfs filesystems
done.
Warning: fsck not present, so skipping root file system
done.
Begin: Running /scripts/local-bottom ... done.
Begin: Running /scripts/init-bottom ... done.
[   55.480985] ip_tables: (C) 2000-2006 Netfilter Core Team
[   55.742912] systemd[1]: systemd 237 running in system mode. (+PAM +AUDIT +SELINUX +IMA +APPARMOR +SMACK +SYSVINIT +UTMP +LIBCRYPTSETUP +GCRYPT +GNUTLS +ACL +XZ +LZ4 +SECCOMP +BLKID +ELFUTILS +KMOD -IDN2 +IDN -PCRE2 default-hierarchy=hybrid)
[   59.125767] systemd[1]: Detected virtualization oracle.
[   59.435007] systemd[1]: Detected architecture x86-64.

Welcome to [1mUbuntu 18.04.1 LTS[0m!

[   59.892560] systemd[1]: Set hostname to <ubuntu>.
[   60.246742] systemd[1]: Initializing machine ID from random generator.
[   60.650585] systemd[1]: Installed transient /etc/machine-id file.
[   61.223028] systemd[1]: Reached target Swap.
[[0;32m  OK  [0m] Reached target Swap.
[   61.649854] systemd[1]: Created slice User and Session Slice.
[[0;32m  OK  [0m] Created slice User and Session Slice.
[   62.212208] systemd[1]: Reached target System Time Synchronized.
[[0;32m  OK  [0m] RRached target System Time Synchronized.
[   62.732862] systemd[1]: Created slice System Slice.
[[0;32m  OK  [0m] Created slice System Slice.
[   63.184496] systemd[1]: Listening on /dev/initctl Compatibility Named Pipe.
[[0;32m  OK  [0m] Listening on /dev/initctl Compatibility Named Pipe.
[   63.768547] systemd[1]: Listening on Journal Audit Socket.
[[0;32m  OK  [0m] Listening on Journal Audit Socket.
[   64.200334] systemd[1]: Listening on LVM2 metadata daemon socket.
[[0;32m  OK  [0m] Listening on LVM2 metadata daemon socket.
[   64.804514] systemd[1]: Reached target User and Group Name Lookups.
[[0;32m  OK  [0m] Reached target User and Group Name Lookups.
[   65.308983] systemd[1]: Created slice system-serial\x2dgetty.slice.
[[0;32m  OK  [0m] Created slice system-serial\x2dgetty.slice.
[   65.968491] systemd[1]: Listening on Device-mapper event daemon FIFOs.
[[0;32m  OK  [0m] Listening on Device-mapper event daemon FIFOs.
[   66.600507] systemd[1]: Listening on udev Kernel Socket.
[[0;32m  OK  [0m] Listening on udev Kernel Socket.
[   67.028459] systemd[1]: Listening on LVM2 poll daemon socket.
[[0;32m  OK  [0m] Listening on LVM2 poll daemon socket.
[   67.508526] systemd[1]: Listening on Syslog Socket.
[[0;32m  OK  [0m] Listening on Syslog Socket.
[   67.992533] systemd[1]: Set up automount Arbitrary Executable File Formats File System Automount Point.
[[0;32m  OK  [0m] Set up automount Arbitrary Executab…rmats File System Automount Point.
[   68.828336] systemd[1]: Reached target Slices.
[[0;32m  OK  [0m] Reached target Slices.
[   69.220725] systemd[1]: Listening on Journal Socket (/dev/log).
[[0;32m  OK  [0m] Listening on Journal Socket (/dev/log).
[   69.744609] systemd[1]: Listening on udev Control Socket.
[[0;32m  OK  [0m] Listening on udev Control Socket.
[   70.236626] systemd[1]: Listening on Journal Socket.
[[0;32m  OK  [0m] Listening on Journal Socket.
[   70.689415] systemd[1]: Starting Uncomplicated firewall...
[   70.692299] random: crng init done
[   70.692302] random: 4 urandom warning(s) missed due to ratelimiting
         Starting Uncomplicated firewall...
[   71.440087] systemd[1]: Starting Load Kernel Modules...
         [   71.772786] Loading iSCSI transport class v2.0-870.
Starting Load Ke[   71.931547] iscsi: registered transport (tcp)
rnel Modules...
[   72.063718] systemd[1]: Starting Set the console keyboard layout...
         [   72.210961] iscsi: registered transport (iser)
Starting Set the console keyboard layout...
[   72.369343] systemd[1]: Starting Create list of required static device nodes for the current kernel...
         Starting Create list of required st…ce nodes for the current kernel...
[   72.861758] systemd[1]: Starting Monitoring of LVM2 mirrors, snapshots etc. using dmeventd or progress polling...
         Starting Monitoring of LVM2 mirrors…ng dmeventd or progress polling...
[   73.453934] systemd[1]: Mounting POSIX Message Queue File System...
         Mounting POSIX Message Queue File System...
[   73.988309] systemd[1]: Mounting Huge Pages File System...
         Mounting Huge Pages File System...
[   74.381969] systemd[1]: Mounting Kernel Debug File System...
         Mounting Kernel Debug File System...
[   74.642686] systemd[1]: Starting udev Coldplug all Devices...
         Starting udev Coldplug all Devices...
[   75.193994] systemd[1]: Starting Remount Root and Kernel File Systems...
[   75.204682] EXT4-fs (sda1): re-mounted. Opts: (null)
         Starting Remount Root and Kernel File Systems...
[   75.944637] systemd[1]: Listening on Network Service Netlink Socket.
[[0;32m  OK  [0m] Listening on Network Service Netlink Socket.
[   76.482878] systemd[1]: Starting Journal Service...
         Starting Journal Service...
[[0;32m  OK  [0m] Started Forward Password Requests to Wall Directory Watch.
[[0;32m  OK  [0m] Started Journal Service.
[[0;32m  OK  [0m] Started Uncomplicated firewall.
[[0;32m  OK  [0m] Started Load Kernel Modules.
[[0;32m  OK  [0m] Started Set the console keyboard layout.
[[0;32m  OK  [0m] Started Create list of required sta…vice nodes for the current kernel.
[[0;32m  OK  [0m] Mounted POSIX Message Queue File System.
[[0;32m  OK  [0m] Mounted Huge Pages File System.
[[0;32m  OK  [0m] Mounted Kernel Debug File System.
[[0;32m  OK  [0m] Started Remount Root and Kernel File Systems.
[[0;32m  OK  [0m] Started udev Coldplug all Devices.
[[0;32m  OK  [0m] Started LVM2 metadata daemon.
         Starting Initial cloud-init job (pre-networking)...
         Starting Load/Save Random Seed...
         Starting Create Static Device Nodes in /dev...
         Starting Apply Kernel Variables...
         Mounting FUSE Control File System...
         Mounting Kernel Configuration File System...
         Starting Flush Journal to Persistent Storage...
[[0;32m  OK  [0m] Started Monitoring of LVM2 mirrors,…sing dmeventd or progress polling.
[[0;32m  OK  [0m] Started Load/Save Random Seed.
[[0;32m  OK  [0m] Started Create Static Device Nodes in /dev.
[[0;32m  OK  [0m] Started Apply Kernel Variables.
[[0;32m  OK  [0m] Mounted FUSE Control File System.
[[0;32m  OK  [0m] Mounted Kernel Configuration File System.
         Starting udev Kernel Device Manager...
[[0;32m  OK  [0m] Reached target Local File Systems (Pre).
[[0;32m  OK  [0m] Reached target Local File Systems.
         Starting Commit a transient machine-id on disk...
         Starting Set console font and keymap...
         Starting ebtables ruleset management...
         Starting Tell Plymouth To Write Out Runtime Data...
         Starting AppArmor initialization...
[[0;32m  OK  [0m] Started udev Kernel Device Manager.
[   78.750178] cloud-init[406]: Cloud-init v. 18.3-9-g2e62cb8a-0ubuntu1~18.04.2 running 'init-local' at Thu, 18 Oct 2018 20:24:16 +0000. Up 78.06 seconds.
[[0;32m  OK  [0m] Started Commit a transient machine-id on disk.
[[0;32m  OK  [0m] Started Set console font and keymap.
[[0;32m  OK  [0m] Started Tell Plymouth To Write Out Runtime Data.
[[0;32m  OK  [0m] Started Initial cloud-init job (pre-networking).
[[0;32m  OK  [0m] Started ebtables ruleset management.
[[0;32m  OK  [0m] Started Flush Journal to Persistent Storage.
[[0;32m  OK  [0m] Found device /dev/ttyS0.
[[0;32m  OK  [0m] Listening on Load/Save RF Kill Switch Status /dev/rfkill Watch.
         Starting Create Volatile Files and Directories...
[[0;32m  OK  [0m] Reached target Network (Pre).
[[0;32m  OK  [0m] Started Dispatch Password Requests to Console Directory Watch.
[[0;32m  OK  [0m] Reached target Local Encrypted Volumes.
         Starting Network Service...
[[0;32m  OK  [0m] Started Network Service.
[[0;32m  OK  [0m] Started AppArmor initialization.
[[0;32m  OK  [0m] Started Create Volatile Files and Directories.
         Starting Update UTMP about System Boot/Shutdown...
         Starting Network Name Resolution...
         Starting Wait for Network to be Configured...
[[0;32m  OK  [0m] Started Update UTMP about System Boot/Shutdown.
[[0;32m  OK  [0m] Started Network Name Resolution.
[[0;32m  OK  [0m] Reached target Network.
[[0;32m  OK  [0m] Reached target Host and Network Name Lookups.
[[0;32m  OK  [0m] Started Wait for Network to be Configured.
         Starting Initial cloud-init job (metadata service crawler)...
[   83.175094] cloud-init[739]: Cloud-init v. 18.3-9-g2e62cb8a-0ubuntu1~18.04.2 running 'init' at Thu, 18 Oct 2018 20:24:20 +0000. Up 82.09 seconds.
[[0;32m  OK  [0m] Started Initial cloud-init job (metadata service crawler).
[   83.300544] cloud-init[739]: ci-info: ++++++++++++++++++++++++++++++++++++++Net device info++++++++++++++++++++++++++++++++++++++
[[0;32m  OK  [0m] Reached target System Initialization.
[   83.516455] [cloud-init[0;32m  OK  [0m[739]: ] ci-info: +--------+------+----------------------------+---------------+--------+-------------------+Listening on Open-iSCSI iscsid Socket.

[[0;32m  OK  [0m] Started Message of the Day.
[   83.748529] cloud-init[739]: ci-info: | Device |  Up  |          Address           |      Mask     | Scope  |     Hw-Address    |
         Starting Socket activation for snappy daemon.
[   83.904612] cloud-init[739]: ci-info: +--------+------+----------------------------+---------------+--------+-------------------+
[[0;32m  OK  [0m] Started ACPI Events Check.
[   84.084668] [cloud-init[0;32m  OK  [0m[739]: ] ci-info: | enp0s3 | True |         10.0.2.15          | 255.255.255.0 | global | 02:36:81:42:18:69 |Reached target Paths.

[[0;32m  OK  [0m] Started Daily apt download activities.
[   84.276712] cloud-init[739]: ci-info: | enp0s3 | True | fe80::36:81ff:fe42:1869/64 |       .       |  link  | 02:36:81:42:18:69 |
[[0;32m  OK  [0m] Started Discard unused blocks once a week.
[   84.342948] [cloud-init[0;32m  OK  [0m[739]: ] ci-info: |   lo   | True |         127.0.0.1          |   255.0.0.0   |  host  |         .         |Started Daily Cleanup of Temporary Directories.

[[0;32m  OK  [0m] Listening on ACPID Listen Socket.
[   84.691039] cloud-init[739]: ci-info: |   lo   | True |          ::1/128           |       .       |  host  |         .         |
         Starting LXD - unix socket.
[   84.880562] [cloud-init[0;32m  OK  [0m[739]: ] ci-info: +--------+------+----------------------------+---------------+--------+-------------------+Listening on UUID daemon activation socket.

[[0;32m  OK  [0m] Listening on D-Bus System Message Bus Socket.
[   85.112597] [cloud-init[0;32m  OK  [0m[739]: ] ci-info: ++++++++++++++++++++++++++++Route IPv4 info+++++++++++++++++++++++++++++Started Daily apt upgrade and clean activities.

[   85.320404] cloud-init[739]: ci-info: +-------+-------------+----------+-----------------+-----------+-------+
[[0;32m  OK  [0m] Reached target Timers.
[   85.420598] [cloud-init[0;32m  OK  [0m[739]: ] ci-info: | Route | Destination | Gateway  |     Genmask     | Interface | Flags |Reached target Cloud-config availability.

[[0;32m  OK  [0m] Reached target Network is Online.
[   85.632605] cloud-init[739]: ci-info: +-------+-------------+----------+-----------------+-----------+-------+
[[0;32m  OK  [0m] Reached target Remote File Systems (Pre).
[   85.820535] [cloud-init[0;32m  OK  [0m[739]: ] ci-info: |   0   |   0.0.0.0   | 10.0.2.2 |     0.0.0.0     |   enp0s3  |   UG  |Reached target Remote File Systems.

         Starting Availability of block devices...
[   86.020515] cloud-init[739]: ci-info: |   1   |   10.0.2.0  | 0.0.0.0  |  255.255.255.0  |   enp0s3  |   U   |
[[0;32m  OK  [0m] Listening on Socket activation for snappy daemon.
[   86.076607] [cloud-init[0;32m  OK  [0m[739]: ] ci-info: |   2   |   10.0.2.2  | 0.0.0.0  | 255.255.255.255 |   enp0s3  |   UH  |Listening on LXD - unix socket.

[[0;32m  OK  [0m] Started Availability of block devices.
[   86.392650] cloud-init[739]: ci-info: +-------+-------------+----------+-----------------+-----------+-------+
[[0;32m  OK  [0m] Reached target Sockets.
[   86.576561] [cloud-init[0;32m  OK  [0m[739]: ] ci-info: +++++++++++++++++++Route IPv6 info+++++++++++++++++++Reached target Basic System.

[[0;32m  OK  [0m] Started Reguuar background program processing daemon.
[   86.780664] cloud-init[739]: ci-info: +-------+-------------+---------+-----------+-------+
         Starting Virtualbox guest utils...
[   86.942818] cloud-init[739]: ci-info: | Route | Destination | Gateway | Interface | Flags |
[[0;32m  OK  [0m] Started irqbalance daemon.
[   87.074691] cloud-init[739]: ci-info: +-------+-------------+---------+-----------+-------+
         Starting LXD - container startup/shutdown...
[   87.220897] [cloud-init[0;32m  OK  [0m[739]: ] ci-info: |   1   |  fe80::/64  |    ::   |   enp0s3  |   U   |Started Unattended Upgrades Shutdown.

         Starting Login Service...
[   87.410164] cloud-init[739]: ci-info: |   3   |    local    |    ::   |   enp0s3  |   U   |
         Starting LSB: Record successful boot for GRUB...
[   87.525053] cloud-init[739]: ci-info: |   4   |   ff00::/8  |    ::   |   enp0s3  |   U   |
         Starting LSB: automatic crash report generation...
[   87.678330] cloud-init[739]: ci-info: +-------+-------------+---------+-----------+-------+
[[0;32m  OK  [0m] Started Deferred execution scheduler.
[   87.825477] cloud-init[739]: Generating public/private rsa key pair.
[[0;32m  OK  [0m] Started FUSE filesystem for LXC.
[   87.972316] cloud-init[739]: Your identification has been saved in /etc/ssh/ssh_host_rsa_key.
         Starting Pollinate to seed the pseudo random number generator...
[   88.124514] cloud-init[739]: Your public key has been saved in /etc/ssh/ssh_host_rsa_key.pub.
         Starting Accounts Service...
[   88.292566] cloud-init[739]: The key fingerprint is:
         Starting Dispatcher daemon for systemd-networkd...
         Starting Permit User Sessions...
         Starting System Logging Service...
[[0;32m  OK  [0m] Started D-Bus System Message Bus.
[   88.432589] cloud-init[739]: SHA256:3U09P2bFev8L1OAHelk8nW7q68tMhBsGMml8aRjex2M root@ubuntu-bionic
[[   88.790718] [0;32m  OK  [0mcloud-init] [739]: Started Login Service.The key's randomart image is:

         Starting Snappy daemon...
[   88.908526] cloud-init[739]: +---[RSA 2048]----+
[[0;32m  OK  [0m] Started System Logging Service.
[[0;32m  OK  [0m] Started Dispatcher daemon for systemd-networkd.
[   89.000663] cloud-init[739]: |       .         |
[[0;32m  OK  [0m] Started Snappy daemon.
[   89.140803] cloud-init[739]: |      o = o   .oo|
[   89.316218] [cloud-init[0;32m  OK  [0m[739]: ] |       O * E o.*=|Started LXD - container startup/shutdown.

[[0;32m  OK  [0m] Started Pollinate to seed the pseudo random number generator.
[   89.453489] cloud-init[739]: |      . =.+.=oB.=|
[[0;32m  OK  [0m] Started Permit User Sessions.
[   89.592550] cloud-init[739]: |        S .=.*oOo|
         Starting Authorization Manager...
[   89.709584] cloud-init[739]: |          . * *.o|
         Starting Hold until boot process finishes up...
[   89.820645] cloud-init[739]: |           . +  .|
         Starting Terminate Plymouth Boot Screen...
[   89.944521] cloud-init[739]: |            = . .|
         Starting OpenBSD Secure Shell server...
[   90.060625] cloud-init[739]: |            .Bo.o|
         Starting Wait until snapd is fully seeded...
[   90.184528] cloud-init[739]: +----[SHA256]-----+
[[0;32m  OK  [0m] Started Virtualbox guest utils.
[   90.280850] cloud-init[739]: Generating public/private dsa key pair.
[[0;32m  OK  [0m] Started LSB: Record successful boot for GRUB.
[   90.404580] cloud-init[739]: Your identification has been saved in /etc/ssh/ssh_host_dsa_key.
[[0;32m  OK  [0m] Started LSB: automatic crash report generation.
[   90.564602] cloud-init[739]: Your public key has been saved in /etc/ssh/ssh_host_dsa_key.pub.
[[0;32m  OK  [0m] Started Hold until boot process finishes up.
[   90.712413] cloud-init[739]: The key fingerprint is:
[[0;32m  OK  [0m] Started Terminate Plymouth Boot Screen.
[   90.848584] cloud-init[739]: SHA256:wu2qX5SNwN1YqhT3pholkGsHWiENzG5+gGFbwotN/NA root@ubuntu-bionic
[[0;32m  OK  [0m] Started Wait until snapd is fully seeded.
[   91.004617] cloud-init[739]: The key's randomart image is:
[[0;32m  OK  [0m] Started OpenBSD Secure Shell server.
[   91.125354] cloud-init[739]: +---[DSA 1024]----+
[[0;32m  OK  [0m] Started Authorization Manager.
[   91.233147] cloud-init[739]: |.+o+oo. . .      |
[[0;32m  OK  [0m] Started Accounts Service.
[   91.337280] cloud-init[739]: |.+*oEo + *       |
[[0;32m  OK  [0m] Created slice User Slice of vagrant.
[   91.436507] cloud-init[739]: |o*== o= = +      |
         Starting Apply the settings specified in cloud-config...
[   91.548769] cloud-init[739]: |oo* +o.* *       |
         Starting Set console scheme...
[   91.692581] cloud-init[739]: | o o .= S .      |
[[0;32m  OK  [0m] Started Serial Getty on ttyS0.
[   91.869381] cloud-init[739]: |  . .  *         |
[[0;32m  OK  [0m] Started Set console scheme.
[   92.078732] cloud-init[739]: |   .  . o        |
         Starting User Manager for UID 1000...
[   92.208804] cloud-init[739]: |       o         |
[[0;32m  OK  [0m] Created slice system-getty.slice.
[   92.310375] cloud-init[739]: |    .oo          |
[[0;32m  OK  [0m] Started Getty on tty1.
[   92.468505] cloud-init[739]: +----[SHA256]-----+
[[0;32m  OK  [0m] Reached target Login Prompts.
[[0;32m  OK  [0m] Reached target Multi-User System.
[[0;32m  OK  [0m] Reached target Graphical Interface.
[   92.629043] cloud-init[739]: Generating public/private ecdsa key pair.
         Starting Update UTMP about System Runlevel Changes...
[   92.856862] cloud-init[739]: Your identification has been saved in /etc/ssh/ssh_host_ecdsa_key.
[[0;32m  OK  [0m] Started User Manager for UID 1000.
[   93.013178] cloud-init[739]: Your public key has been saved in /etc/ssh/ssh_host_ecdsa_key.pub.
[[0;32m  OK  [0m] Started Apply the settings specified in cloud-config.
[   93.164567] cloud-init[739]: The key fingerprint is:
[[0;32m  OK  [0m] Started Session 1 of user vagrant.
[   93.288827] cloud-init[739]: SHA256:/r5RUzTjA2B81CsCTU7CBZA0eao5+6iHzpna1cRkU8I root@ubuntu-bionic
         Starting Execute cloud user/final scripts...
[[0;32m  OK  [0m] Started Update UTMP about System Runlevel Changes.
[   93.568703] cloud-init[739]: The key's randomart image is:
[   93.900347] cloud-init[739]: +---[ECDSA 256]---+
[   94.036395] cloud-init[739]: |     o==+**oo.+  |
[   94.152637] cloud-init[739]: |      E++=o .+.o |
ci-info: no authorized ssh keys fingerprints found for user ubuntu.
[   94.272342] cloud-init[739]: |      +o ...  +. |
[   94.514455] <14>Oct 18 20:24:32 ec2: 
<14>Oct 18 20:24:32 ec2: #############################################################
<14>Oct 18 20:24:32 ec2: -----BEGIN SSH HOST KEY FINGERPRINTS-----
<14>Oct 18 20:24:32 ec2: 1024 SHA256:wu2qX5SNwN1YqhT3pholkGsHWiENzG5+gGFbwotN/NA root@ubuntu-bionic (DSA)
<14>Oct 18 20:24:32 ec2: 256 SHA256:/r5RUzTjA2B81CsCTU7CBZA0eao5+6iHzpna1cRkU8I root@ubuntu-bionic (ECDSA)
<14>Oct 18 20:24:32 ec2: 256 SHA256:nVOaO/nQTgE4fCt1alFU97wtugew73mNOlUzWXC7cm4 root@ubuntu-bionic (ED25519)
<14>Oct 18 20:24:32 ec2: 2048 SHA256:3U09P2bFev8L1OAHelk8nW7q68tMhBsGMml8aRjex2M root@ubuntu-bionic (RSA)
<14>Oct 18 20:24:32 ec2: -----END SSH HOST KEY FINGERPRINTS-----
<14>Oct 18 20:24:32 ec2: #############################################################
-----BEGIN SSH HOST KEY KEYS-----
ecdsa-sha2-nistp256 AAAAE2VjZHNhLXNoYTItbmlzdHAyNTYAAAAIbmlzdHAyNTYAAABBBDXkSLT9rTyXDlaYLmhvrpc7/Z362uII22bhsTwjUGPz9dWrLAATYKD9VuXIDsTaZaFYFso9ca4HsP8Iq+auH8M= root@ubuntu-bionic
ssh-ed25519 AAAAC3NzaC1lZDI1NTE5AAAAIMCW5F+/5S8LHqTSpdkFkau3JKxsrA9eGTiicyb84SKY root@ubuntu-bionic
ssh-rsa AAAAB3NzaC1yc2EAAAADAQABAAABAQDBQPyIopFAikUMgqipv+fQMtO+OO5ehp/Wom5MAvTXVj4qea4SL12JbClUa2Vha232kjuQEu1Ix9x2WDqHxayMMfR742GlHApTjf9jdq44geV0o1Ok+O/UhwTPpikqro7i833ftj+OlDwl4vTjfCNQ9S/MWQ+A+OpWtpOwF0mBIczRLeJdQ3RfSq9Dk/5cnDOYcXs7PagpmYAhR1zw/lAHHC+pysCCMbAdl9v+zoTfkWHDBui6VPOKmbuZ3hFLWiw6dIneVWm2CiRfg6JTVDZhENF1PqwtfeZnUwhXU9DNzdvDGiNRLdQp/riDq8adYWHjhYcuoz4dApATlIelJDSh root@ubuntu-bionic
-----END SSH HOST KEY KEYS-----
cloud-init[739]: |     +..  . .... |
[   94.514824] cloud-init[739]: |     oo S  .o.   |
[   96.056291] cloud-init[739]: |    +o .   . .   |
[[0;32m  OK  [0m] Started Execute cloud user/final scripts.
[   96.112821] cloud-init[739]: |   ..o. . .      |
[[0;32m  OK  [0m] Reached target Cloud-init target.
[   96.281409] cloud-init[739]: | o.+o.   . .     |
[   9c[   96.430574] cloud-init[739]: Your identification has been saved in /etc/ssh/ssh_host_ed25519_key.
[   96.520772] cloud-init[739]: Your public key has been saved in /etc/ssh/ssh_host_ed25519_key.pub.
[   96.624448] The key fingerprint is:
[   96.625541] cloud-init[739]: SHA256:nVOaO/nQTgE4fCt1alFU97wtugew73mNOlUzWXC7cm4 root@ubuntu-bionic
[   96.625726] cloud-init[739]: The key's randomart image is:
[   96.627714] cloud-init[739]: +--[ED25519 256]--+
[   96.627891] cloud-init[739]: |           .o.o.o|
[   96.628375] cloud-init[739]: |       . . .   ++|
[   96.628763] cloud-init[739]: |        + = o  .=|
[   96.628956] cloud-init[739]: |         =.@   +=|
[   96.629168] cloud-init[739]: |        S Xo...=+|
[   96.629360] cloud-init[739]: |         o.=.o=. |
[   96.629800] cloud-init[739]: |          =.+o E |
[   96.630022] cloud-init[739]: |           *oo= .|
[   96.630218] cloud-init[739]: |           .B=   |
[   96.630569] cloud-init[739]: +----[SHA256]-----+
[   96.646402] cloud-init[1322]: Cloud-init v. 18.3-9-g2e62cb8a-0ubuntu1~18.04.2 running 'modules:config' at Thu, 18 Oct 2018 20:24:30 +0000. Up 91.93 seconds.
[   96.648096] cloud-init[1426]: Cloud-init v. 18.3-9-g2e62cb8a-0ubuntu1~18.04.2 running 'modules:final' at Thu, 18 Oct 2018 20:24:32 +0000. Up 93.96 seconds.
[   96.648169] cloud-init[1426]: ci-info: no authorized ssh keys fingerprints found for user ubuntu.
[   96.648222] cloud-init[1426]: Cloud-init v. 18.3-9-g2e62cb8a-0ubuntu1~18.04.2 finished at Thu, 18 Oct 2018 20:24:34 +0000. Datasource DataSourceNoCloud [seed=/dev/sdb][dsmode=net].  Up 96.01 seconds

Ubuntu 18.04.1 LTS ubuntu-bionic ttyS0

ubuntu-bionic login:          Stn         Stopping LSB: Record successful boot for GRUB...
         Stopping LXD - container startup/shutdown...
[[0;32m  OK  [0m] Stopped Apply the settings specified in cloud-config.
[[0;32m  OK  [0m] Stopped Wait until snapd is fully seeded.
         Stopping Snappy daemon...
[[0;32m  OK  [0m] Stopped target Cloud-config availability.
[[0;32m  OK  [0m] Stopped target Network is Online.
[[0;32m  OK  [0m] Unmounted /var/lib/lxcfs.
[[0;32m  OK  [0m] Stopped Regular background program processing daemon.
[[0;32m  OK  [0m] Stopped irqbalance daemon.
[[0;32m  OK  [0m] Stopped Deferred execution scheduler.
[[0;32m  OK  [0m] Stopped Accounts Service.
[[0;32m  OK  [0m] Stopped Dispatcher daemon for systemd-networkd.
[[0;32m  OK  [0m] Stopped System Logging Service.
[[0;32m  OK  [0m] Stopped Snappy daemon.
[[0;32m  OK  [0m] Stopped Authorization Manager.
[[0;32m  OK  [0m] Stopped OpenBSD Secure Shell server.
[[0;32m  OK  [0m] Stopped Serial Getty on ttyS0.
[[0;32m  OK  [0m] Stopped Getty on tty1.
[[0;32m  OK  [0m] Stopped User Manager for UID 1000.
[[0;32m  OK  [0m] Stopped Availability of block devices.
[[0;32m  OK  [0m] Stopped D-Bus System Message Bus.
[[0;32m  OK  [0m] Stopped Unattended Upgrades Shutdown.
[[0;32m  OK  [0m] Stopped The Apache HTTP Server.
[[0;32m  OK  [0m] Stopped FUSE filesystem for LXC.
[[0;32m  OK  [0m] Stopped Session 9 of user vagrant.
[[0;32m  OK  [0m] Stopped target Host and Network Name Lookups.
[[0;32m  OK  [0m] Removed slice User Slice of vagrant.
         Stopping Login Service...
[[0;32m  OK  [0m] Removed slice system-getty.slice.
[[0;32m  OK  [0m] Removed slice system-serial\x2dgetty.slice.
         Stopping Permit User Sessions...
[[0;32m  OK  [0m] Stopped Login Service.
[[0;32m  OK  [0m] Stopped LSB: automatic crash report generation.
[[0;32m  OK  [0m] Stopped Virtualbox guest utils.
[[0;32m  OK  [0m] Stopped LSB: Record successful boot for GRUB.
[[0;32m  OK  [0m] Stopped LXD - container startup/shutdown.
[[0;32m  OK  [0m] Stopped Permit User Sessions.
[[0;32m  OK  [0m] Stopped target Network.
         Stopping Network Name Resolution...
[[0;32m  OK  [0m] Stopped target Remote File Systems.
[[0;32m  OK  [0m] Stopped target Remote File Systems (Pre).
[[0;32m  OK  [0m] Stopped target User and Group Name Lookups.
[[0;32m  OK  [0m] Stopped target Basic System.
[[0;32m  OK  [0m] Stopped target Paths.
[[0;32m  OK  [0m] Stopped ACPI Events Check.
[[0;32m  OK  [0m] Stopped target Sockets.
[[0;32m  OK  [0m] Closed LXD - unix socket.
[[0;32m  OK  [0m] Closed Open-iSCSI iscsid Socket.
[[0;32m  OK  [0m] Closed Socket activation for snappy daemon.
[[0;32m  OK  [0m] Closed ACPID Listen Socket.
[[0;32m  OK  [0m] Closed UUID daemon activation socket.
[[0;32m  OK  [0m] Closed Syslog Socket.
[[0;32m  OK  [0m] Stopped target Slices.
[[0;32m  OK  [0m] Closed D-Bus System Message Bus Socket.
[[0;32m  OK  [0m] Stopped target System Initialization.
         Stopping Update UTMP about System Boot/Shutdown...
[[0;32m  OK  [0m] Stopped target Local Encrypted Volumes.
[[0;32m  OK  [0m] Stopped Dispatch Password Requests to Console Directory Watch.
[[0;32m  OK  [0m] Stopped Forward Password Requests to Wall Directory Watch.
[[0;32m  OK  [0m] Stopped Initial cloud-init job (metadata service crawler).
[[0;32m  OK  [0m] Stopped Wait for Network to be Configured.
         Stopping Load/Save Random Seed...
[[0;32m  OK  [0m] Stopped Commit a transient machine-id on disk.
[[0;32m  OK  [0m] Removed slice User and Session Slice.
[[0;32m  OK  [0m] Stopped Network Name Resolution.
[[0;32m  OK  [0m] Stopped Load/Save Random Seed.
         Stopping Network Service...
[[0;32m  OK  [0m] Stopped Network Service.
[[0;32m  OK  [0m] Stopped Update UTMP about System Boot/Shutdown.
[[0;32m  OK  [0m] Stopped Create Volatile Files and Directories.
[[0;32m  OK  [0m] Stopped target Local File Systems.
         Unmounting /vagrant...
         Unmounting /run/user/1000...
[[0;32m  OK  [0m] Stopped target Network (Pre).
[[0;32m  OK  [0m] Stopped Initial cloud-init job (pre-networking).
[[0;32m  OK  [0m] Stopped Apply Kernel Variables.
[[0;32m  OK  [0m] Stopped Load Kernel Modules.
[[0;32m  OK  [0m] Unmounted /vagrant.
[[0;32m  OK  [0m] Unmounted /run/user/1000.
[[0;32m  OK  [0m] Stopped target Swap.
[[0;32m  OK  [0m] Reached target Unmount All Filesystems.
[[0;32m  OK  [0m] Stopped target Local File Systems (Pre).
[[0;32m  OK  [0m] Stopped Remount Root and Kernel File Systems.
         Stopping Monitoring of LVM2 mirrors…ng dmeventd or progress polling...
[[0;32m  OK  [0m] Stopped Create Static Device Nodes in /dev.
[[0;32m  OK  [0m] Reached target Shutdown.
[[0;32m  OK  [0m] Reached target Final Step.
         Starting Power-Off...
[[0;32m  OK  [0m] Stopped Monitoring of LVM2 mirrors,…sing dmeventd or progress polling.
         Stopping LVM2 metadata daemon...
[[0;32m  OK  [0m] Stopped LVM2 metadata daemon.
[ 1766.256472] reboot: Power down
